<?xml version="1.0" encoding="UTF-8"?>
<!-- Generated by org.testng.reporters.JUnitReportReporter -->
<testsuite hostname="LAPTOP-TJD64CLT" failures="0" tests="2" name="BoA.LogoAndOpenAccount" time="39.198" errors="0" timestamp="08 Jun 2020 19:21:58 GMT" skipped="0">
  <testcase classname="BoA.LogoAndOpenAccount" name="openAnAccount" time="26.650"/>
  <testcase classname="BoA.LogoAndOpenAccount" name="logo" time="12.548"/>
</testsuite> <!-- BoA.LogoAndOpenAccount -->
