<?xml version="1.0" encoding="UTF-8"?>
<!-- Generated by org.testng.reporters.JUnitReportReporter -->
<testsuite hostname="LAPTOP-TJD64CLT" failures="0" tests="4" name="Amazon.xxxxxx" time="44.140" errors="0" timestamp="2020-05-31T14:17:38 CDT" skipped="0">
  <testcase classname="Amazon.xxxxxx" name="Newslink" time="10.377"/>
  <system-out/>
  <testcase classname="Amazon.xxxxxx" name="YahooTitleTest" time="12.960"/>
  <system-out/>
  <testcase classname="Amazon.xxxxxx" name="clickNews" time="11.507"/>
  <system-out/>
  <testcase classname="Amazon.xxxxxx" name="Yahooverification" time="9.296"/>
  <system-out/>
</testsuite> <!-- Amazon.xxxxxx -->
