<?xml version="1.0" encoding="UTF-8"?>
<!-- Generated by org.testng.reporters.JUnitReportReporter -->
<testsuite hostname="LAPTOP-TJD64CLT" failures="0" tests="2" name="BoK.Details" time="23.875" errors="0" timestamp="2020-05-28T21:10:25 CDT" skipped="0">
  <testcase classname="BoK.Details" name="CustomerCreateLogin" time="12.183"/>
  <system-out/>
  <testcase classname="BoK.Details" name="logo" time="11.692"/>
  <system-out/>
</testsuite> <!-- BoK.Details -->
