<?xml version="1.0" encoding="UTF-8"?>
<!-- Generated by org.testng.reporters.JUnitReportReporter -->
<testsuite hostname="LAPTOP-TJD64CLT" failures="0" tests="2" name="BoA.Login" time="15.172" errors="0" timestamp="2020-05-29T13:15:57 CDT" skipped="0">
  <testcase classname="BoA.Login" name="loginCredentials" time="7.981"/>
  <system-out/>
  <testcase classname="BoA.Login" name="searchField" time="7.191"/>
  <system-out/>
</testsuite> <!-- BoA.Login -->
