<?xml version="1.0" encoding="UTF-8"?>
<!-- Generated by org.testng.reporters.JUnitReportReporter -->
<testsuite hostname="LAPTOP-TJD64CLT" failures="0" tests="1" name="CucumberDemo.TestRunner" time="0.236" errors="0" timestamp="12 Jun 2020 01:19:35 GMT" skipped="0">
  <testcase classname="CucumberDemo.TestRunner" name="feature" time="0.236"/>
</testsuite> <!-- CucumberDemo.TestRunner -->
