<?xml version="1.0" encoding="UTF-8"?>
<!-- Generated by org.testng.reporters.JUnitReportReporter -->
<testsuite hostname="LAPTOP-TJD64CLT" failures="0" tests="2" name="BoK.Login" time="16.257" errors="0" timestamp="2020-05-28T21:10:25 CDT" skipped="0">
  <testcase classname="BoK.Login" name="searchField" time="5.763"/>
  <system-out/>
  <testcase classname="BoK.Login" name="loginCredentials" time="10.494"/>
  <system-out/>
</testsuite> <!-- BoK.Login -->
