<?xml version="1.0" encoding="UTF-8"?>
<!-- Generated by org.testng.reporters.JUnitReportReporter -->
<testsuite hostname="LAPTOP-TJD64CLT" failures="0" tests="2" name="BoA.Details" time="23.962" errors="0" timestamp="2020-05-29T12:57:35 CDT" skipped="0">
  <testcase classname="BoA.Details" name="CustomerCreateLogin" time="12.449"/>
  <system-out/>
  <testcase classname="BoA.Details" name="logo" time="11.513"/>
  <system-out/>
</testsuite> <!-- BoA.Details -->
