<?xml version="1.0" encoding="UTF-8"?>
<!-- Generated by org.testng.reporters.JUnitReportReporter -->
<testsuite hostname="LAPTOP-TJD64CLT" failures="0" tests="2" name="Amazon.AmazonSearch" time="10.320" errors="0" timestamp="2020-05-29T14:00:16 CDT" skipped="0">
  <testcase classname="Amazon.AmazonSearch" name="languagePreference" time="3.932"/>
  <system-out/>
  <testcase classname="Amazon.AmazonSearch" name="departmentNames" time="6.388"/>
  <system-out/>
</testsuite> <!-- Amazon.AmazonSearch -->
