<?xml version="1.0" encoding="UTF-8"?>
<!-- Generated by org.testng.reporters.JUnitReportReporter -->
<testsuite hostname="LAPTOP-TJD64CLT" failures="0" tests="2" name="Amazon.AmazonDropDown" time="23.070" errors="0" timestamp="2020-05-29T12:22:54 CDT" skipped="0">
  <testcase classname="Amazon.AmazonDropDown" name="languagePreference" time="16.356"/>
  <system-out/>
  <testcase classname="Amazon.AmazonDropDown" name="departmentNames" time="6.714"/>
  <system-out/>
</testsuite> <!-- Amazon.AmazonDropDown -->
