<?xml version="1.0" encoding="UTF-8"?>
<!-- Generated by org.testng.reporters.JUnitReportReporter -->
<testsuite hostname="LAPTOP-TJD64CLT" failures="0" tests="2" name="BoK.downloadTheApp" time="30.464" errors="0" timestamp="2020-05-29T10:58:48 CDT" skipped="0">
  <testcase classname="BoK.downloadTheApp" name="saveOnlineID" time="10.980"/>
  <system-out/>
  <testcase classname="BoK.downloadTheApp" name="emergencyCash" time="19.484"/>
  <system-out/>
</testsuite> <!-- BoK.downloadTheApp -->
